<?xml version="1.0" encoding="UTF-8"?>
<testng-results ignored="0" total="2" passed="2" failed="0" skipped="0">
  <reporter-output>
  </reporter-output>
  <suite started-at="2021-02-14T18:39:04 IST" name="Default suite" finished-at="2021-02-14T18:39:05 IST" duration-ms="103">
    <groups>
    </groups>
    <test started-at="2021-02-14T18:39:04 IST" name="Default test" finished-at="2021-02-14T18:39:05 IST" duration-ms="103">
      <class name="AnnotationTest">
        <test-method is-config="true" signature="setUp()[pri:0, instance:AnnotationTest@4e268090]" started-at="2021-02-14T18:39:04 IST" name="setUp" finished-at="2021-02-14T18:39:04 IST" duration-ms="22" status="PASS">
          <reporter-output>
          </reporter-output>
        </test-method> <!-- setUp -->
        <test-method is-config="true" signature="LaunchBrowser()[pri:0, instance:AnnotationTest@4e268090]" started-at="2021-02-14T18:39:04 IST" name="LaunchBrowser" finished-at="2021-02-14T18:39:04 IST" duration-ms="0" status="PASS">
          <reporter-output>
          </reporter-output>
        </test-method> <!-- LaunchBrowser -->
        <test-method is-config="true" signature="Login()[pri:0, instance:AnnotationTest@4e268090]" started-at="2021-02-14T18:39:04 IST" name="Login" finished-at="2021-02-14T18:39:04 IST" duration-ms="0" status="PASS">
          <reporter-output>
          </reporter-output>
        </test-method> <!-- Login -->
        <test-method is-config="true" signature="EnterURL()[pri:0, instance:AnnotationTest@4e268090]" started-at="2021-02-14T18:39:04 IST" name="EnterURL" finished-at="2021-02-14T18:39:04 IST" duration-ms="0" status="PASS">
          <reporter-output>
          </reporter-output>
        </test-method> <!-- EnterURL -->
        <test-method signature="GoogleLogoTest()[pri:0, instance:AnnotationTest@4e268090]" started-at="2021-02-14T18:39:04 IST" name="GoogleLogoTest" finished-at="2021-02-14T18:39:04 IST" duration-ms="12" status="PASS">
          <reporter-output>
          </reporter-output>
        </test-method> <!-- GoogleLogoTest -->
        <test-method is-config="true" signature="Logout()[pri:0, instance:AnnotationTest@4e268090]" started-at="2021-02-14T18:39:04 IST" name="Logout" finished-at="2021-02-14T18:39:04 IST" duration-ms="0" status="PASS">
          <reporter-output>
          </reporter-output>
        </test-method> <!-- Logout -->
        <test-method signature="GoogleSearchTest()[pri:0, instance:AnnotationTest@4e268090]" started-at="2021-02-14T18:39:04 IST" name="GoogleSearchTest" finished-at="2021-02-14T18:39:04 IST" duration-ms="6" status="PASS">
          <reporter-output>
          </reporter-output>
        </test-method> <!-- GoogleSearchTest -->
        <test-method is-config="true" signature="EnterURL()[pri:0, instance:AnnotationTest@4e268090]" started-at="2021-02-14T18:39:04 IST" name="EnterURL" finished-at="2021-02-14T18:39:04 IST" duration-ms="0" status="PASS">
          <reporter-output>
          </reporter-output>
        </test-method> <!-- EnterURL -->
        <test-method is-config="true" signature="Logout()[pri:0, instance:AnnotationTest@4e268090]" started-at="2021-02-14T18:39:04 IST" name="Logout" finished-at="2021-02-14T18:39:04 IST" duration-ms="0" status="PASS">
          <reporter-output>
          </reporter-output>
        </test-method> <!-- Logout -->
        <test-method is-config="true" signature="Closebrowser()[pri:0, instance:AnnotationTest@4e268090]" started-at="2021-02-14T18:39:04 IST" name="Closebrowser" finished-at="2021-02-14T18:39:04 IST" duration-ms="2" status="PASS">
          <reporter-output>
          </reporter-output>
        </test-method> <!-- Closebrowser -->
        <test-method is-config="true" signature="DeleteAllCookies()[pri:0, instance:AnnotationTest@4e268090]" started-at="2021-02-14T18:39:05 IST" name="DeleteAllCookies" finished-at="2021-02-14T18:39:05 IST" duration-ms="7" status="PASS">
          <reporter-output>
          </reporter-output>
        </test-method> <!-- DeleteAllCookies -->
      </class> <!-- AnnotationTest -->
    </test> <!-- Default test -->
  </suite> <!-- Default suite -->
</testng-results>
